<?xml version="1.0" encoding="UTF-8"?>
<!-- Generated by org.testng.reporters.JUnitXMLReporter -->
<testsuite hostname="Apples-MacBook-Air.local" ignored="0" name="Default test" tests="6" failures="0" timestamp="2020-10-29T17:17:18 IST" time="51.71" errors="0">
  <testcase name="verifyHomePageTitleTest" time="0.047" classname="com.crm.qa.testcases.HomePageTest"/>
  <testcase name="verifyUserNAmeTest" time="0.259" classname="com.crm.qa.testcases.HomePageTest"/>
  <testcase name="verifyContactsLinkTest" time="4.933" classname="com.crm.qa.testcases.HomePageTest"/>
  <testcase name="loginPageTitleTest" time="0.02" classname="com.crm.qa.testcases.LoginPageTest"/>
  <testcase name="crmLogoImageTest" time="0.069" classname="com.crm.qa.testcases.LoginPageTest"/>
  <testcase name="loginPage" time="8.331" classname="com.crm.qa.testcases.LoginPageTest"/>
</testsuite> <!-- Default test -->
