<?xml version="1.0" encoding="UTF-8"?>
<testng-results skipped="0" failed="0" ignored="0" total="6" passed="6">
  <reporter-output>
  </reporter-output>
  <suite name="Default suite" duration-ms="51710" started-at="2020-10-29T17:16:26 IST" finished-at="2020-10-29T17:17:17 IST">
    <groups>
    </groups>
    <test name="Default test" duration-ms="51710" started-at="2020-10-29T17:16:26 IST" finished-at="2020-10-29T17:17:17 IST">
      <class name="com.crm.qa.testcases.HomePageTest">
        <test-method status="PASS" signature="setUp()[pri:0, instance:com.crm.qa.testcases.HomePageTest@3712b94]" name="setUp" is-config="true" duration-ms="27580" started-at="2020-10-29T17:16:26 IST" finished-at="2020-10-29T17:16:53 IST">
          <reporter-output>
          </reporter-output>
        </test-method> <!-- setUp -->
        <test-method status="PASS" signature="verifyHomePageTitleTest()[pri:1, instance:com.crm.qa.testcases.HomePageTest@3712b94]" name="verifyHomePageTitleTest" duration-ms="47" started-at="2020-10-29T17:16:53 IST" finished-at="2020-10-29T17:16:53 IST">
          <reporter-output>
          </reporter-output>
        </test-method> <!-- verifyHomePageTitleTest -->
        <test-method status="PASS" signature="verifyUserNAmeTest()[pri:2, instance:com.crm.qa.testcases.HomePageTest@3712b94]" name="verifyUserNAmeTest" duration-ms="259" started-at="2020-10-29T17:16:53 IST" finished-at="2020-10-29T17:16:54 IST">
          <reporter-output>
          </reporter-output>
        </test-method> <!-- verifyUserNAmeTest -->
        <test-method status="PASS" signature="verifyContactsLinkTest()[pri:3, instance:com.crm.qa.testcases.HomePageTest@3712b94]" name="verifyContactsLinkTest" duration-ms="4933" started-at="2020-10-29T17:16:54 IST" finished-at="2020-10-29T17:16:59 IST">
          <reporter-output>
          </reporter-output>
        </test-method> <!-- verifyContactsLinkTest -->
        <test-method status="PASS" signature="tearDown()[pri:0, instance:com.crm.qa.testcases.HomePageTest@3712b94]" name="tearDown" is-config="true" duration-ms="216" started-at="2020-10-29T17:16:59 IST" finished-at="2020-10-29T17:16:59 IST">
          <reporter-output>
          </reporter-output>
        </test-method> <!-- tearDown -->
      </class> <!-- com.crm.qa.testcases.HomePageTest -->
      <class name="com.crm.qa.testcases.LoginPageTest">
        <test-method status="PASS" signature="setUp()[pri:0, instance:com.crm.qa.testcases.LoginPageTest@2833cc44]" name="setUp" is-config="true" duration-ms="9989" started-at="2020-10-29T17:16:59 IST" finished-at="2020-10-29T17:17:09 IST">
          <reporter-output>
          </reporter-output>
        </test-method> <!-- setUp -->
        <test-method status="PASS" signature="loginPageTitleTest()[pri:1, instance:com.crm.qa.testcases.LoginPageTest@2833cc44]" name="loginPageTitleTest" duration-ms="20" started-at="2020-10-29T17:17:09 IST" finished-at="2020-10-29T17:17:09 IST">
          <reporter-output>
          </reporter-output>
        </test-method> <!-- loginPageTitleTest -->
        <test-method status="PASS" signature="crmLogoImageTest()[pri:2, instance:com.crm.qa.testcases.LoginPageTest@2833cc44]" name="crmLogoImageTest" duration-ms="69" started-at="2020-10-29T17:17:09 IST" finished-at="2020-10-29T17:17:09 IST">
          <reporter-output>
          </reporter-output>
        </test-method> <!-- crmLogoImageTest -->
        <test-method status="PASS" signature="loginPage()[pri:3, instance:com.crm.qa.testcases.LoginPageTest@2833cc44]" name="loginPage" duration-ms="8331" started-at="2020-10-29T17:17:09 IST" finished-at="2020-10-29T17:17:17 IST">
          <reporter-output>
          </reporter-output>
        </test-method> <!-- loginPage -->
        <test-method status="PASS" signature="tearDown()[pri:0, instance:com.crm.qa.testcases.LoginPageTest@2833cc44]" name="tearDown" is-config="true" duration-ms="121" started-at="2020-10-29T17:17:17 IST" finished-at="2020-10-29T17:17:17 IST">
          <reporter-output>
          </reporter-output>
        </test-method> <!-- tearDown -->
      </class> <!-- com.crm.qa.testcases.LoginPageTest -->
    </test> <!-- Default test -->
  </suite> <!-- Default suite -->
</testng-results>
